-------------------------------------------------------------------------------
Test set: com.lab31.labproject.StockCheck.StockCheckApplicationTests
-------------------------------------------------------------------------------
Tests run: 1, Failures: 0, Errors: 1, Skipped: 0, Time elapsed: 0.174 s <<< FAILURE! - in com.lab31.labproject.StockCheck.StockCheckApplicationTests
com.lab31.labproject.StockCheck.StockCheckApplicationTests  Time elapsed: 0.172 s  <<< ERROR!
java.lang.IllegalStateException: Unable to find a @SpringBootConfiguration, you need to use @ContextConfiguration or @SpringBootTest(classes=...) with your test

