<?xml version="1.0" encoding="UTF-8"?>
<testsuite xmlns:xsi="http://www.w3.org/2001/XMLSchema-instance" xsi:noNamespaceSchemaLocation="https://maven.apache.org/surefire/maven-surefire-plugin/xsd/surefire-test-report.xsd" name="com.lab31.labproject.StockCheck.StockCheckApplicationTests" time="0.174" tests="1" errors="1" skipped="0" failures="0">
  <properties>
[...]
</properties>
  <testcase name="com.lab31.labproject.StockCheck.StockCheckApplicationTests" classname="com.lab31.labproject.StockCheck.StockCheckApplicationTests" time="0.172">
    <error message="Unable to find a @SpringBootConfiguration, you need to use @ContextConfiguration or @SpringBootTest(classes=...) with your test" type="java.lang.IllegalStateException">java.lang.IllegalStateException: Unable to find a @SpringBootConfiguration, you need to use @ContextConfiguration or @SpringBootTest(classes=...) with your test
</error>
    <system-out><![CDATA[22:41:54.416 [main] DEBUG org.springframework.test.context.BootstrapUtils - Instantiating CacheAwareContextLoaderDelegate from class [org.springframework.test.context.cache.DefaultCacheAwareContextLoaderDelegate]
22:41:54.426 [main] DEBUG org.springframework.test.context.BootstrapUtils - Instantiating BootstrapContext using constructor [public org.springframework.test.context.support.DefaultBootstrapContext(java.lang.Class,org.springframework.test.context.CacheAwareContextLoaderDelegate)]
22:41:54.449 [main] DEBUG org.springframework.test.context.BootstrapUtils - Instantiating TestContextBootstrapper for test class [com.lab31.labproject.StockCheck.StockCheckApplicationTests] from class [org.springframework.boot.test.context.SpringBootTestContextBootstrapper]
22:41:54.456 [main] INFO org.springframework.boot.test.context.SpringBootTestContextBootstrapper - Neither @ContextConfiguration nor @ContextHierarchy found for test class [com.lab31.labproject.StockCheck.StockCheckApplicationTests], using SpringBootContextLoader
22:41:54.459 [main] DEBUG org.springframework.test.context.support.AbstractContextLoader - Did not detect default resource location for test class [com.lab31.labproject.StockCheck.StockCheckApplicationTests]: class path resource [com/lab31/labproject/StockCheck/StockCheckApplicationTests-context.xml] does not exist
22:41:54.460 [main] DEBUG org.springframework.test.context.support.AbstractContextLoader - Did not detect default resource location for test class [com.lab31.labproject.StockCheck.StockCheckApplicationTests]: class path resource [com/lab31/labproject/StockCheck/StockCheckApplicationTestsContext.groovy] does not exist
22:41:54.460 [main] INFO org.springframework.test.context.support.AbstractContextLoader - Could not detect default resource locations for test class [com.lab31.labproject.StockCheck.StockCheckApplicationTests]: no resource found for suffixes {-context.xml, Context.groovy}.
22:41:54.461 [main] INFO org.springframework.test.context.support.AnnotationConfigContextLoaderUtils - Could not detect default configuration classes for test class [com.lab31.labproject.StockCheck.StockCheckApplicationTests]: StockCheckApplicationTests does not declare any static, non-private, non-final, nested classes annotated with @Configuration.
22:41:54.491 [main] DEBUG org.springframework.test.context.support.ActiveProfilesUtils - Could not find an 'annotation declaring class' for annotation type [org.springframework.test.context.ActiveProfiles] and class [com.lab31.labproject.StockCheck.StockCheckApplicationTests]
]]></system-out>
  </testcase>
</testsuite>